<?xml version="1.0" encoding="UTF-8"?>
<!-- Generated by org.testng.reporters.JUnitReportReporter -->
<testsuite skipped="0" hostname="LAPTOP-EPAUUF54" name="testproject.ECommerceTestPageAmartha" tests="1" failures="0" timestamp="17 Jun 2019 03:52:29 GMT" time="8.377" errors="0">
  <testcase name="loginTest" time="8.377" classname="testproject.ECommerceTestPageAmartha"/>
</testsuite> <!-- testproject.ECommerceTestPageAmartha -->
