<?xml version="1.0" encoding="UTF-8"?>
<!-- Generated by org.testng.reporters.JUnitReportReporter -->
<testsuite skipped="0" hostname="LAPTOP-EPAUUF54" name="testproject.GoogleSearchTest2_TestNgDemo" tests="1" failures="0" timestamp="17 Jun 2019 00:05:02 GMT" time="6.717" errors="0">
  <testcase name="loginFacebookTest" time="6.717" classname="testproject.GoogleSearchTest2_TestNgDemo"/>
</testsuite> <!-- testproject.GoogleSearchTest2_TestNgDemo -->
